[debug] [2022-06-09T17:44:02.424Z] ----------------------------------------------------------------------
[debug] [2022-06-09T17:44:02.427Z] Command:       C:\Program Files\nodejs\node.exe C:\Users\my\AppData\Roaming\npm\node_modules\firebase-tools\lib\bin\firebase.js init
[debug] [2022-06-09T17:44:02.428Z] CLI Version:   10.6.0
[debug] [2022-06-09T17:44:02.428Z] Platform:      win32
[debug] [2022-06-09T17:44:02.428Z] Node Version:  v14.17.5
[debug] [2022-06-09T17:44:02.429Z] Time:          Thu Jun 09 2022 23:44:02 GMT+0600 (Bangladesh Standard Time)
[debug] [2022-06-09T17:44:02.429Z] ----------------------------------------------------------------------
[debug] 
[debug] [2022-06-09T17:44:02.433Z] >>> [apiv2][query] GET https://firebase-public.firebaseio.com/cli.json [none]
[debug] [2022-06-09T17:44:02.463Z] > command requires scopes: ["email","openid","https://www.googleapis.com/auth/cloudplatformprojects.readonly","https://www.googleapis.com/auth/firebase","https://www.googleapis.com/auth/cloud-platform"]
[debug] [2022-06-09T17:44:02.464Z] > authorizing via signed-in user (tfoysalahmed@gmail.com)
[info] 
     ######## #### ########  ######## ########     ###     ######  ########
     ##        ##  ##     ## ##       ##     ##  ##   ##  ##       ##
     ######    ##  ########  ######   ########  #########  ######  ######
     ##        ##  ##    ##  ##       ##     ## ##     ##       ## ##
     ##       #### ##     ## ######## ########  ##     ##  ######  ########

You're about to initialize a Firebase project in this directory:

  C:\projects\personal-portfolio

Before we get started, keep in mind:

  * You are currently outside your home directory

[debug] [2022-06-09T17:44:03.840Z] <<< [apiv2][status] GET https://firebase-public.firebaseio.com/cli.json 200
[debug] [2022-06-09T17:44:03.841Z] <<< [apiv2][body] GET https://firebase-public.firebaseio.com/cli.json {"cloudBuildErrorAfter":1594252800000,"cloudBuildWarnAfter":1590019200000,"defaultNode10After":1594252800000,"minVersion":"3.0.5","node8DeploysDisabledAfter":1613390400000,"node8RuntimeDisabledAfter":1615809600000,"node8WarnAfter":1600128000000}
[info] 
=== Project Setup
[info] 
[info] First, let's associate this project directory with a Firebase project.
[info] You can create multiple project aliases by running firebase use --add, 
[info] but for now we'll just set up a default project.
[info] 
[info] i  If you want to create a project in a Google Cloud organization or folder, please use "firebase projects:create" instead, and return to this command when you've created the project. 
[debug] [2022-06-09T17:56:43.215Z] ----------------------------------------------------------------------
[debug] [2022-06-09T17:56:43.227Z] Command:       C:\Program Files\nodejs\node.exe C:\Users\my\AppData\Roaming\npm\node_modules\firebase-tools\lib\bin\firebase.js init
[debug] [2022-06-09T17:56:43.228Z] CLI Version:   10.6.0
[debug] [2022-06-09T17:56:43.228Z] Platform:      win32
[debug] [2022-06-09T17:56:43.228Z] Node Version:  v14.17.5
[debug] [2022-06-09T17:56:43.330Z] Time:          Thu Jun 09 2022 23:56:43 GMT+0600 (Bangladesh Standard Time)
[debug] [2022-06-09T17:56:43.330Z] ----------------------------------------------------------------------
[debug] 
[debug] [2022-06-09T17:56:43.403Z] > command requires scopes: ["email","openid","https://www.googleapis.com/auth/cloudplatformprojects.readonly","https://www.googleapis.com/auth/firebase","https://www.googleapis.com/auth/cloud-platform"]
[debug] [2022-06-09T17:56:43.404Z] > authorizing via signed-in user (tfoysalahmed@gmail.com)
[info] 
     ######## #### ########  ######## ########     ###     ######  ########
     ##        ##  ##     ## ##       ##     ##  ##   ##  ##       ##
     ######    ##  ########  ######   ########  #########  ######  ######
     ##        ##  ##    ##  ##       ##     ## ##     ##       ## ##
     ##       #### ##     ## ######## ########  ##     ##  ######  ########

You're about to initialize a Firebase project in this directory:

  C:\projects\personal-portfolio

Before we get started, keep in mind:

  * You are currently outside your home directory

